#
# A fatal error has been detected by the Java Runtime Environment:
#
#  EXCEPTION_ACCESS_VIOLATION (0xc0000005) at pc=0x000000006ea6824e, pid=15312, tid=0x00000000000013e8
#
# JRE version: Java(TM) SE Runtime Environment (8.0_191-b12) (build 1.8.0_191-b12)
# Java VM: Java HotSpot(TM) 64-Bit Server VM (25.191-b12 mixed mode windows-amd64 compressed oops)
# Problematic frame:
# V  [jvm.dll+0x3e824e]
#
# Failed to write core dump. Minidumps are not enabled by default on client versions of Windows
#
# If you would like to submit a bug report, please visit:
#   http://bugreport.java.com/bugreport/crash.jsp
#

---------------  T H R E A D  ---------------

Current thread (0x000000000336e000):  GCTaskThread [stack: 0x0000000012a10000,0x0000000012b10000] [id=5096]

siginfo: ExceptionCode=0xc0000005, reading address 0xffffffffffffffff

Registers:
RAX=0x000000006eccfef8, RBX=0x000000001ab0c340, RCX=0x000000001939f110, RDX=0x000000001ab0c350
RSP=0x0000000012b0fd60, RBP=0x0000000000000000, RSI=0x000000001939f090, RDI=0xcab58fd8e4a280a8
R8 =0x0000000000000c11, R9 =0x00000000c119d528, R10=0x0000000003365920, R11=0x00000009832cf2ce
R12=0x00000000000010b2, R13=0x0000000000000001, R14=0x000000000000000c, R15=0x0000000000000000
RIP=0x000000006ea6824e, EFLAGS=0x0000000000010202

Top of Stack: (sp=0x0000000012b0fd60)
0x0000000012b0fd60:   0000000000000000 000000006e897e13
0x0000000012b0fd70:   0000000000000000 0000000012b0fbe0
0x0000000012b0fd80:   0000000000001200 0000000000000001
0x0000000012b0fd90:   0000000000000000 000000001939f090
0x0000000012b0fda0:   0000000000008000 000000006ea68703
0x0000000012b0fdb0:   0000000000000200 0000000000000000
0x0000000012b0fdc0:   0000000000001200 0000000000001000
0x0000000012b0fdd0:   0000000000000000 0000000000000000
0x0000000012b0fde0:   0000000000000000 000000000336e000
0x0000000012b0fdf0:   000000001939f080 000000006ea661e0
0x0000000012b0fe00:   0000000000000002 00000000033524e0
0x0000000012b0fe10:   0000000000000001 000000006e898555
0x0000000012b0fe20:   40cd3ffa27730e47 000000000000001a
0x0000000012b0fe30:   00000000033637d0 0000000000000001
0x0000000012b0fe40:   000000001939f080 000000006e901650
0x0000000012b0fe50:   0000000000000002 00000000000002f2 

Instructions: (pc=0x000000006ea6824e)
0x000000006ea6822e:   4a 8d 1c e2 0f 84 72 01 00 00 41 be 0c 00 00 00
0x000000006ea6823e:   66 90 48 8b 0e 48 8b 3b 48 85 c9 74 6f 48 8b 01
0x000000006ea6824e:   48 8b 57 10 ff 10 84 c0 75 62 4c 8b 03 49 8b d5
0x000000006ea6825e:   49 8b 00 48 c1 e2 06 48 89 03 4c 8b 0d b1 b7 43 


Register to memory mapping:

RAX=0x000000006eccfef8 is an unknown value
RBX=0x000000001ab0c340 is an unknown value
RCX=0x000000001939f110 is an unknown value
RDX=0x000000001ab0c350 is an unknown value
RSP=0x0000000012b0fd60 is an unknown value
RBP=0x0000000000000000 is an unknown value
RSI=0x000000001939f090 is an unknown value
RDI=0xcab58fd8e4a280a8 is an unknown value
R8 =0x0000000000000c11 is an unknown value
R9 =0x00000000c119d528 is an oop
[C 
 - klass: {type array char}
 - length: 706
R10=0x0000000003365920 is an unknown value
R11=0x00000009832cf2ce is an unknown value
R12=0x00000000000010b2 is an unknown value
R13=0x0000000000000001 is an unknown value
R14=0x000000000000000c is an unknown value
R15=0x0000000000000000 is an unknown value


Stack: [0x0000000012a10000,0x0000000012b10000],  sp=0x0000000012b0fd60,  free space=1023k
Native frames: (J=compiled Java code, j=interpreted, Vv=VM code, C=native code)


---------------  P R O C E S S  ---------------

Java Threads: ( => current thread )
  0x000000001eeed000 JavaThread "Worker-6" [_thread_blocked, id=9744, stack(0x0000000021110000,0x0000000021210000)]
  0x000000001dcd2800 JavaThread "Worker-3: Updating Maven Dependencies" [_thread_blocked, id=11900, stack(0x000000001f810000,0x000000001f910000)]
  0x000000001d960800 JavaThread "Worker-2: Compacting resource model" [_thread_blocked, id=16088, stack(0x000000001f710000,0x000000001f810000)]
  0x0000000019e24800 JavaThread "pool-1-thread-1" [_thread_blocked, id=8460, stack(0x000000001e110000,0x000000001e210000)]
  0x000000001926b000 JavaThread "Bundle File Closer" daemon [_thread_blocked, id=6440, stack(0x000000001c640000,0x000000001c740000)]
  0x000000001a614000 JavaThread "Java indexing" daemon [_thread_blocked, id=14836, stack(0x000000001c540000,0x000000001c640000)]
  0x000000001a8bc800 JavaThread "Worker-0: Initialize Workspace" [_thread_blocked, id=18084, stack(0x000000001c140000,0x000000001c240000)]
  0x000000001a946800 JavaThread "Worker-JM" [_thread_blocked, id=18392, stack(0x000000001be40000,0x000000001bf40000)]
  0x000000001a2b8000 JavaThread "Start Level: Equinox Container: 70b405dc-f69a-4122-8da3-d38781d8b575" daemon [_thread_blocked, id=7528, stack(0x000000001b770000,0x000000001b870000)]
  0x000000001ab07800 JavaThread "Framework Event Dispatcher: Equinox Container: 70b405dc-f69a-4122-8da3-d38781d8b575" daemon [_thread_blocked, id=15368, stack(0x000000001b670000,0x000000001b770000)]
  0x000000001a1f3800 JavaThread "Active Thread: Equinox Container: 70b405dc-f69a-4122-8da3-d38781d8b575" [_thread_blocked, id=4908, stack(0x000000001b570000,0x000000001b670000)]
  0x0000000019053800 JavaThread "Service Thread" daemon [_thread_blocked, id=13216, stack(0x0000000019ba0000,0x0000000019ca0000)]
  0x000000001904d800 JavaThread "C1 CompilerThread2" daemon [_thread_blocked, id=3124, stack(0x0000000019aa0000,0x0000000019ba0000)]
  0x0000000019049000 JavaThread "C2 CompilerThread1" daemon [_thread_blocked, id=4588, stack(0x00000000199a0000,0x0000000019aa0000)]
  0x0000000019047800 JavaThread "C2 CompilerThread0" daemon [_thread_blocked, id=6212, stack(0x00000000198a0000,0x00000000199a0000)]
  0x0000000019043000 JavaThread "Attach Listener" daemon [_thread_blocked, id=10996, stack(0x00000000197a0000,0x00000000198a0000)]
  0x0000000019041000 JavaThread "Signal Dispatcher" daemon [_thread_blocked, id=6936, stack(0x00000000196a0000,0x00000000197a0000)]
  0x000000001902d800 JavaThread "Surrogate Locker Thread (Concurrent GC)" daemon [_thread_blocked, id=1340, stack(0x00000000195a0000,0x00000000196a0000)]
  0x0000000018faa800 JavaThread "Finalizer" daemon [_thread_blocked, id=14360, stack(0x00000000194a0000,0x00000000195a0000)]
  0x0000000018fa9800 JavaThread "Reference Handler" daemon [_thread_blocked, id=3636, stack(0x00000000193a0000,0x00000000194a0000)]
  0x000000000324e800 JavaThread "main" [_thread_blocked, id=14380, stack(0x0000000003250000,0x0000000003350000)]

Other Threads:
  0x0000000018fa3000 VMThread [stack: 0x00000000192a0000,0x00000000193a0000] [id=16684]
  0x0000000019058000 WatcherThread [stack: 0x0000000019ca0000,0x0000000019da0000] [id=13904]

=>0x000000000336e000 (exited) GCTaskThread [stack: 0x0000000012a10000,0x0000000012b10000] [id=5096]

VM state:at safepoint (normal execution)

VM Mutex/Monitor currently owned by a thread:  ([mutex/lock_event])
[0x0000000003352060] Threads_lock - owner thread: 0x0000000018fa3000
[0x0000000003352a60] Heap_lock - owner thread: 0x000000001a8bc800

Heap:
 garbage-first heap   total 196608K, used 169984K [0x00000000c0000000, 0x00000000c0100600, 0x0000000100000000)
  region size 1024K, 81 young (82944K), 5 survivors (5120K)
 Metaspace       used 39560K, capacity 41670K, committed 42112K, reserved 1087488K
  class space    used 4270K, capacity 4951K, committed 4992K, reserved 1048576K

Heap Regions: (Y=young(eden), SU=young(survivor), HS=humongous(starts), HC=humongous(continues), CS=collection set, F=free, TS=gc time stamp, PTAMS=previous top-at-mark-start, NTAMS=next top-at-mark-start)
AC   0  O    TS     0 PTAMS 0x00000000c0100000 NTAMS 0x00000000c0100000 space 1024K, 100% used [0x00000000c0000000, 0x00000000c0100000)
AC   0  O    TS     0 PTAMS 0x00000000c0200000 NTAMS 0x00000000c0200000 space 1024K, 100% used [0x00000000c0100000, 0x00000000c0200000)
AC   0  O    TS     0 PTAMS 0x00000000c0300000 NTAMS 0x00000000c0300000 space 1024K, 100% used [0x00000000c0200000, 0x00000000c0300000)
AC   0  F    TS     0 PTAMS 0x00000000c0300000 NTAMS 0x00000000c0300000 space 1024K,   0% used [0x00000000c0300000, 0x00000000c0400000)
AC   0  O    TS     0 PTAMS 0x00000000c0500000 NTAMS 0x00000000c0500000 space 1024K, 100% used [0x00000000c0400000, 0x00000000c0500000)
AC   0  O    TS     0 PTAMS 0x00000000c0600000 NTAMS 0x00000000c0600000 space 1024K, 100% used [0x00000000c0500000, 0x00000000c0600000)
AC   0  O    TS     0 PTAMS 0x00000000c0700000 NTAMS 0x00000000c0700000 space 1024K, 100% used [0x00000000c0600000, 0x00000000c0700000)
AC   0  O    TS     0 PTAMS 0x00000000c0800000 NTAMS 0x00000000c0800000 space 1024K, 100% used [0x00000000c0700000, 0x00000000c0800000)
AC   0  O    TS     0 PTAMS 0x00000000c0900000 NTAMS 0x00000000c0900000 space 1024K, 100% used [0x00000000c0800000, 0x00000000c0900000)
AC   0  O    TS     0 PTAMS 0x00000000c0a00000 NTAMS 0x00000000c0a00000 space 1024K, 100% used [0x00000000c0900000, 0x00000000c0a00000)
AC   0  O    TS     0 PTAMS 0x00000000c0b00000 NTAMS 0x00000000c0b00000 space 1024K, 100% used [0x00000000c0a00000, 0x00000000c0b00000)
AC   0  O    TS     5 PTAMS 0x00000000c0b00000 NTAMS 0x00000000c0b00000 space 1024K, 100% used [0x00000000c0b00000, 0x00000000c0c00000)
AC   0  O    TS     0 PTAMS 0x00000000c0d00000 NTAMS 0x00000000c0d00000 space 1024K, 100% used [0x00000000c0c00000, 0x00000000c0d00000)
AC   0  O    TS     0 PTAMS 0x00000000c0e00000 NTAMS 0x00000000c0e00000 space 1024K, 100% used [0x00000000c0d00000, 0x00000000c0e00000)
AC   0  O    TS     0 PTAMS 0x00000000c0f00000 NTAMS 0x00000000c0f00000 space 1024K, 100% used [0x00000000c0e00000, 0x00000000c0f00000)
AC   0  O    TS     0 PTAMS 0x00000000c1000000 NTAMS 0x00000000c1000000 space 1024K, 100% used [0x00000000c0f00000, 0x00000000c1000000)
AC   0  O    TS     0 PTAMS 0x00000000c1100000 NTAMS 0x00000000c1100000 space 1024K, 100% used [0x00000000c1000000, 0x00000000c1100000)
AC   0  O    TS     0 PTAMS 0x00000000c1200000 NTAMS 0x00000000c1200000 space 1024K, 100% used [0x00000000c1100000, 0x00000000c1200000)
AC   0  O    TS     0 PTAMS 0x00000000c1300000 NTAMS 0x00000000c1300000 space 1024K, 100% used [0x00000000c1200000, 0x00000000c1300000)
AC   0  O    TS     0 PTAMS 0x00000000c1400000 NTAMS 0x00000000c1400000 space 1024K, 100% used [0x00000000c1300000, 0x00000000c1400000)
AC   0  O    TS     0 PTAMS 0x00000000c1500000 NTAMS 0x00000000c1500000 space 1024K, 100% used [0x00000000c1400000, 0x00000000c1500000)
AC   0  O    TS     0 PTAMS 0x00000000c1600000 NTAMS 0x00000000c1600000 space 1024K, 100% used [0x00000000c1500000, 0x00000000c1600000)
AC   0  O    TS     5 PTAMS 0x00000000c1600000 NTAMS 0x00000000c1600000 space 1024K, 100% used [0x00000000c1600000, 0x00000000c1700000)
AC   0  O    TS     0 PTAMS 0x00000000c1800000 NTAMS 0x00000000c1800000 space 1024K, 100% used [0x00000000c1700000, 0x00000000c1800000)
AC   0  O    TS     5 PTAMS 0x00000000c1800000 NTAMS 0x00000000c1800000 space 1024K, 100% used [0x00000000c1800000, 0x00000000c1900000)
AC   0  O    TS     0 PTAMS 0x00000000c1a00000 NTAMS 0x00000000c1a00000 space 1024K, 100% used [0x00000000c1900000, 0x00000000c1a00000)
AC   0  O    TS     0 PTAMS 0x00000000c1b00000 NTAMS 0x00000000c1b00000 space 1024K, 100% used [0x00000000c1a00000, 0x00000000c1b00000)
AC   0  O    TS     0 PTAMS 0x00000000c1c00000 NTAMS 0x00000000c1c00000 space 1024K, 100% used [0x00000000c1b00000, 0x00000000c1c00000)
AC   0  O    TS     0 PTAMS 0x00000000c1d00000 NTAMS 0x00000000c1d00000 space 1024K, 100% used [0x00000000c1c00000, 0x00000000c1d00000)
AC   0  O    TS     0 PTAMS 0x00000000c1e00000 NTAMS 0x00000000c1e00000 space 1024K, 100% used [0x00000000c1d00000, 0x00000000c1e00000)
AC   0  O    TS     5 PTAMS 0x00000000c1e00000 NTAMS 0x00000000c1e00000 space 1024K, 100% used [0x00000000c1e00000, 0x00000000c1f00000)
AC   0  O    TS     5 PTAMS 0x00000000c1f00000 NTAMS 0x00000000c1f00000 space 1024K, 100% used [0x00000000c1f00000, 0x00000000c2000000)
AC   0  O    TS    19 PTAMS 0x00000000c2000000 NTAMS 0x00000000c2000000 space 1024K,  50% used [0x00000000c2000000, 0x00000000c2100000)
AC   0  F    TS     0 PTAMS 0x00000000c2100000 NTAMS 0x00000000c2100000 space 1024K,   0% used [0x00000000c2100000, 0x00000000c2200000)
AC   0  F    TS     0 PTAMS 0x00000000c2200000 NTAMS 0x00000000c2200000 space 1024K,   0% used [0x00000000c2200000, 0x00000000c2300000)
AC   0  F    TS     0 PTAMS 0x00000000c2300000 NTAMS 0x00000000c2300000 space 1024K,   0% used [0x00000000c2300000, 0x00000000c2400000)
AC   0  O    TS     0 PTAMS 0x00000000c2500000 NTAMS 0x00000000c2500000 space 1024K, 100% used [0x00000000c2400000, 0x00000000c2500000)
AC   0  F    TS     0 PTAMS 0x00000000c2500000 NTAMS 0x00000000c2500000 space 1024K,   0% used [0x00000000c2500000, 0x00000000c2600000)
AC   0  O    TS     0 PTAMS 0x00000000c2700000 NTAMS 0x00000000c2700000 space 1024K, 100% used [0x00000000c2600000, 0x00000000c2700000)
AC   0  F    TS     0 PTAMS 0x00000000c2700000 NTAMS 0x00000000c2700000 space 1024K,   0% used [0x00000000c2700000, 0x00000000c2800000)
AC   0 HS    TS     0 PTAMS 0x00000000c2880010 NTAMS 0x00000000c2880010 space 1024K,  50% used [0x00000000c2800000, 0x00000000c2900000)
AC   0  O    TS     0 PTAMS 0x00000000c2a00000 NTAMS 0x00000000c2a00000 space 1024K, 100% used [0x00000000c2900000, 0x00000000c2a00000)
AC   0  F    TS     0 PTAMS 0x00000000c2a00000 NTAMS 0x00000000c2a00000 space 1024K,   0% used [0x00000000c2a00000, 0x00000000c2b00000)
AC   0  F    TS     0 PTAMS 0x00000000c2b00000 NTAMS 0x00000000c2b00000 space 1024K,   0% used [0x00000000c2b00000, 0x00000000c2c00000)
AC   0  F    TS     0 PTAMS 0x00000000c2c00000 NTAMS 0x00000000c2c00000 space 1024K,   0% used [0x00000000c2c00000, 0x00000000c2d00000)
AC   0  O    TS     0 PTAMS 0x00000000c2e00000 NTAMS 0x00000000c2e00000 space 1024K, 100% used [0x00000000c2d00000, 0x00000000c2e00000)
AC   0  O    TS     0 PTAMS 0x00000000c2f00000 NTAMS 0x00000000c2f00000 space 1024K, 100% used [0x00000000c2e00000, 0x00000000c2f00000)
AC   0  O    TS     0 PTAMS 0x00000000c3000000 NTAMS 0x00000000c3000000 space 1024K, 100% used [0x00000000c2f00000, 0x00000000c3000000)
AC   0  O    TS     0 PTAMS 0x00000000c3100000 NTAMS 0x00000000c3100000 space 1024K, 100% used [0x00000000c3000000, 0x00000000c3100000)
AC   0  O    TS     0 PTAMS 0x00000000c3200000 NTAMS 0x00000000c3200000 space 1024K, 100% used [0x00000000c3100000, 0x00000000c3200000)
AC   0  F    TS     0 PTAMS 0x00000000c3200000 NTAMS 0x00000000c3200000 space 1024K,   0% used [0x00000000c3200000, 0x00000000c3300000)
AC   0  F    TS     0 PTAMS 0x00000000c3300000 NTAMS 0x00000000c3300000 space 1024K,   0% used [0x00000000c3300000, 0x00000000c3400000)
AC   0  O    TS     0 PTAMS 0x00000000c3500000 NTAMS 0x00000000c3500000 space 1024K, 100% used [0x00000000c3400000, 0x00000000c3500000)
AC   0  O    TS     0 PTAMS 0x00000000c3600000 NTAMS 0x00000000c3600000 space 1024K, 100% used [0x00000000c3500000, 0x00000000c3600000)
AC   0  F    TS     0 PTAMS 0x00000000c3600000 NTAMS 0x00000000c3600000 space 1024K,   0% used [0x00000000c3600000, 0x00000000c3700000)
AC   0  F    TS     0 PTAMS 0x00000000c3700000 NTAMS 0x00000000c3700000 space 1024K,   0% used [0x00000000c3700000, 0x00000000c3800000)
AC   0  F    TS     0 PTAMS 0x00000000c3800000 NTAMS 0x00000000c3800000 space 1024K,   0% used [0x00000000c3800000, 0x00000000c3900000)
AC   0  F    TS     0 PTAMS 0x00000000c3900000 NTAMS 0x00000000c3900000 space 1024K,   0% used [0x00000000c3900000, 0x00000000c3a00000)
AC   0  O    TS     0 PTAMS 0x00000000c3b00000 NTAMS 0x00000000c3b00000 space 1024K, 100% used [0x00000000c3a00000, 0x00000000c3b00000)
AC   0  O    TS     0 PTAMS 0x00000000c3c00000 NTAMS 0x00000000c3c00000 space 1024K, 100% used [0x00000000c3b00000, 0x00000000c3c00000)
AC   0  O    TS     0 PTAMS 0x00000000c3d00000 NTAMS 0x00000000c3d00000 space 1024K, 100% used [0x00000000c3c00000, 0x00000000c3d00000)
AC   0  O    TS     0 PTAMS 0x00000000c3e00000 NTAMS 0x00000000c3e00000 space 1024K, 100% used [0x00000000c3d00000, 0x00000000c3e00000)
AC   0  O    TS     0 PTAMS 0x00000000c3f00000 NTAMS 0x00000000c3f00000 space 1024K, 100% used [0x00000000c3e00000, 0x00000000c3f00000)
AC   0  O    TS     0 PTAMS 0x00000000c4000000 NTAMS 0x00000000c4000000 space 1024K, 100% used [0x00000000c3f00000, 0x00000000c4000000)
AC   0  F    TS     0 PTAMS 0x00000000c4000000 NTAMS 0x00000000c4000000 space 1024K,   0% used [0x00000000c4000000, 0x00000000c4100000)
AC   0  F    TS     0 PTAMS 0x00000000c4100000 NTAMS 0x00000000c4100000 space 1024K,   0% used [0x00000000c4100000, 0x00000000c4200000)
AC   0  O    TS     0 PTAMS 0x00000000c4300000 NTAMS 0x00000000c4300000 space 1024K, 100% used [0x00000000c4200000, 0x00000000c4300000)
AC   0  O    TS     0 PTAMS 0x00000000c4400000 NTAMS 0x00000000c4400000 space 1024K, 100% used [0x00000000c4300000, 0x00000000c4400000)
AC   0  O    TS     0 PTAMS 0x00000000c4500000 NTAMS 0x00000000c4500000 space 1024K, 100% used [0x00000000c4400000, 0x00000000c4500000)
AC   0  F    TS     0 PTAMS 0x00000000c4500000 NTAMS 0x00000000c4500000 space 1024K,   0% used [0x00000000c4500000, 0x00000000c4600000)
AC   0  F    TS     0 PTAMS 0x00000000c4600000 NTAMS 0x00000000c4600000 space 1024K,   0% used [0x00000000c4600000, 0x00000000c4700000)
AC   0  O    TS     0 PTAMS 0x00000000c4800000 NTAMS 0x00000000c4800000 space 1024K, 100% used [0x00000000c4700000, 0x00000000c4800000)
AC   0  O    TS     0 PTAMS 0x00000000c4900000 NTAMS 0x00000000c4900000 space 1024K, 100% used [0x00000000c4800000, 0x00000000c4900000)
AC   0  O    TS     0 PTAMS 0x00000000c4a00000 NTAMS 0x00000000c4a00000 space 1024K, 100% used [0x00000000c4900000, 0x00000000c4a00000)
AC   0  O    TS     0 PTAMS 0x00000000c4b00000 NTAMS 0x00000000c4b00000 space 1024K, 100% used [0x00000000c4a00000, 0x00000000c4b00000)
AC   0  O    TS     0 PTAMS 0x00000000c4c00000 NTAMS 0x00000000c4c00000 space 1024K, 100% used [0x00000000c4b00000, 0x00000000c4c00000)
AC   0  O    TS     0 PTAMS 0x00000000c4d00000 NTAMS 0x00000000c4d00000 space 1024K, 100% used [0x00000000c4c00000, 0x00000000c4d00000)
AC   0  O    TS     0 PTAMS 0x00000000c4e00000 NTAMS 0x00000000c4e00000 space 1024K, 100% used [0x00000000c4d00000, 0x00000000c4e00000)
AC   0  O    TS     0 PTAMS 0x00000000c4f00000 NTAMS 0x00000000c4f00000 space 1024K, 100% used [0x00000000c4e00000, 0x00000000c4f00000)
AC   0  O    TS     0 PTAMS 0x00000000c5000000 NTAMS 0x00000000c5000000 space 1024K, 100% used [0x00000000c4f00000, 0x00000000c5000000)
AC   0  O    TS     0 PTAMS 0x00000000c5100000 NTAMS 0x00000000c5100000 space 1024K, 100% used [0x00000000c5000000, 0x00000000c5100000)
AC   0  O    TS     0 PTAMS 0x00000000c5200000 NTAMS 0x00000000c5200000 space 1024K, 100% used [0x00000000c5100000, 0x00000000c5200000)
AC   0  O    TS     0 PTAMS 0x00000000c5300000 NTAMS 0x00000000c5300000 space 1024K, 100% used [0x00000000c5200000, 0x00000000c5300000)
AC   0  O    TS     0 PTAMS 0x00000000c5400000 NTAMS 0x00000000c5400000 space 1024K, 100% used [0x00000000c5300000, 0x00000000c5400000)
AC   0  O    TS     0 PTAMS 0x00000000c5500000 NTAMS 0x00000000c5500000 space 1024K, 100% used [0x00000000c5400000, 0x00000000c5500000)
AC   0  O    TS     0 PTAMS 0x00000000c5600000 NTAMS 0x00000000c5600000 space 1024K, 100% used [0x00000000c5500000, 0x00000000c5600000)
AC   0  F    TS    13 PTAMS 0x00000000c5600000 NTAMS 0x00000000c5600000 space 1024K,   0% used [0x00000000c5600000, 0x00000000c5700000)
AC   0  O    TS     1 PTAMS 0x00000000c5794c00 NTAMS 0x00000000c5794c00 space 1024K, 100% used [0x00000000c5700000, 0x00000000c5800000)
AC   0  O    TS     3 PTAMS 0x00000000c5800000 NTAMS 0x00000000c5800000 space 1024K, 100% used [0x00000000c5800000, 0x00000000c5900000)
AC   0  O    TS     3 PTAMS 0x00000000c5900000 NTAMS 0x00000000c5900000 space 1024K, 100% used [0x00000000c5900000, 0x00000000c5a00000)
AC   0  O    TS     3 PTAMS 0x00000000c5a00000 NTAMS 0x00000000c5a00000 space 1024K, 100% used [0x00000000c5a00000, 0x00000000c5b00000)
AC   0  O    TS     3 PTAMS 0x00000000c5b00000 NTAMS 0x00000000c5b00000 space 1024K, 100% used [0x00000000c5b00000, 0x00000000c5c00000)
AC   0  O    TS     3 PTAMS 0x00000000c5c00000 NTAMS 0x00000000c5c00000 space 1024K, 100% used [0x00000000c5c00000, 0x00000000c5d00000)
AC   0  O    TS     3 PTAMS 0x00000000c5d00000 NTAMS 0x00000000c5d00000 space 1024K, 100% used [0x00000000c5d00000, 0x00000000c5e00000)
AC   0  O    TS     3 PTAMS 0x00000000c5e00000 NTAMS 0x00000000c5e00000 space 1024K, 100% used [0x00000000c5e00000, 0x00000000c5f00000)
AC   0  O    TS     3 PTAMS 0x00000000c5f00000 NTAMS 0x00000000c5f00000 space 1024K, 100% used [0x00000000c5f00000, 0x00000000c6000000)
AC   0  O    TS     3 PTAMS 0x00000000c6000000 NTAMS 0x00000000c6000000 space 1024K, 100% used [0x00000000c6000000, 0x00000000c6100000)
AC   0  O    TS     3 PTAMS 0x00000000c6100000 NTAMS 0x00000000c6100000 space 1024K, 100% used [0x00000000c6100000, 0x00000000c6200000)
AC   0  O    TS     3 PTAMS 0x00000000c6200000 NTAMS 0x00000000c6200000 space 1024K, 100% used [0x00000000c6200000, 0x00000000c6300000)
AC   0  O    TS     3 PTAMS 0x00000000c6300000 NTAMS 0x00000000c6300000 space 1024K, 100% used [0x00000000c6300000, 0x00000000c6400000)
AC   0  O    TS     3 PTAMS 0x00000000c6400000 NTAMS 0x00000000c6400000 space 1024K, 100% used [0x00000000c6400000, 0x00000000c6500000)
AC   0  O    TS     3 PTAMS 0x00000000c6500000 NTAMS 0x00000000c6500000 space 1024K, 100% used [0x00000000c6500000, 0x00000000c6600000)
AC   0  O    TS     3 PTAMS 0x00000000c6600000 NTAMS 0x00000000c6600000 space 1024K, 100% used [0x00000000c6600000, 0x00000000c6700000)
AC   0  O    TS     3 PTAMS 0x00000000c6700000 NTAMS 0x00000000c6700000 space 1024K, 100% used [0x00000000c6700000, 0x00000000c6800000)
AC   0  O    TS     3 PTAMS 0x00000000c6800000 NTAMS 0x00000000c6800000 space 1024K, 100% used [0x00000000c6800000, 0x00000000c6900000)
AC   0  O    TS     5 PTAMS 0x00000000c6900000 NTAMS 0x00000000c6900000 space 1024K, 100% used [0x00000000c6900000, 0x00000000c6a00000)
AC   0  E CS TS    17 PTAMS 0x00000000c6a00000 NTAMS 0x00000000c6a00000 space 1024K,  99% used [0x00000000c6a00000, 0x00000000c6b00000)
AC   0  S    TS    19 PTAMS 0x00000000c6b00000 NTAMS 0x00000000c6b00000 space 1024K,  99% used [0x00000000c6b00000, 0x00000000c6c00000)
AC   0  E CS TS    17 PTAMS 0x00000000c6c00000 NTAMS 0x00000000c6c00000 space 1024K, 100% used [0x00000000c6c00000, 0x00000000c6d00000)
AC   0  E CS TS    17 PTAMS 0x00000000c6d00000 NTAMS 0x00000000c6d00000 space 1024K, 100% used [0x00000000c6d00000, 0x00000000c6e00000)
AC   0  S    TS    19 PTAMS 0x00000000c6e00000 NTAMS 0x00000000c6e00000 space 1024K, 100% used [0x00000000c6e00000, 0x00000000c6f00000)
AC   0  S    TS    19 PTAMS 0x00000000c6f00000 NTAMS 0x00000000c6f00000 space 1024K, 100% used [0x00000000c6f00000, 0x00000000c7000000)
AC   0  S    TS    19 PTAMS 0x00000000c7000000 NTAMS 0x00000000c7000000 space 1024K, 100% used [0x00000000c7000000, 0x00000000c7100000)
AC   0  S    TS    19 PTAMS 0x00000000c7100000 NTAMS 0x00000000c7100000 space 1024K, 100% used [0x00000000c7100000, 0x00000000c7200000)
AC   0  E CS TS    17 PTAMS 0x00000000c7200000 NTAMS 0x00000000c7200000 space 1024K, 100% used [0x00000000c7200000, 0x00000000c7300000)
AC   0  E CS TS    17 PTAMS 0x00000000c7300000 NTAMS 0x00000000c7300000 space 1024K, 100% used [0x00000000c7300000, 0x00000000c7400000)
AC   0  E CS TS     0 PTAMS 0x00000000c7400000 NTAMS 0x00000000c7400000 space 1024K, 100% used [0x00000000c7400000, 0x00000000c7500000)
AC   0  E CS TS     0 PTAMS 0x00000000c7500000 NTAMS 0x00000000c7500000 space 1024K, 100% used [0x00000000c7500000, 0x00000000c7600000)
AC   0  E CS TS     0 PTAMS 0x00000000c7600000 NTAMS 0x00000000c7600000 space 1024K, 100% used [0x00000000c7600000, 0x00000000c7700000)
AC   0  E CS TS     1 PTAMS 0x00000000c7700000 NTAMS 0x00000000c7700000 space 1024K, 100% used [0x00000000c7700000, 0x00000000c7800000)
AC   0  E CS TS     0 PTAMS 0x00000000c7800000 NTAMS 0x00000000c7800000 space 1024K, 100% used [0x00000000c7800000, 0x00000000c7900000)
AC   0  E CS TS     0 PTAMS 0x00000000c7900000 NTAMS 0x00000000c7900000 space 1024K, 100% used [0x00000000c7900000, 0x00000000c7a00000)
AC   0  E CS TS     0 PTAMS 0x00000000c7a00000 NTAMS 0x00000000c7a00000 space 1024K, 100% used [0x00000000c7a00000, 0x00000000c7b00000)
AC   0  E CS TS     0 PTAMS 0x00000000c7b00000 NTAMS 0x00000000c7b00000 space 1024K, 100% used [0x00000000c7b00000, 0x00000000c7c00000)
AC   0  E CS TS     0 PTAMS 0x00000000c7c00000 NTAMS 0x00000000c7c00000 space 1024K, 100% used [0x00000000c7c00000, 0x00000000c7d00000)
AC   0  E CS TS     0 PTAMS 0x00000000c7d00000 NTAMS 0x00000000c7d00000 space 1024K, 100% used [0x00000000c7d00000, 0x00000000c7e00000)
AC   0  E CS TS     0 PTAMS 0x00000000c7e00000 NTAMS 0x00000000c7e00000 space 1024K, 100% used [0x00000000c7e00000, 0x00000000c7f00000)
AC   0  E CS TS     0 PTAMS 0x00000000c7f00000 NTAMS 0x00000000c7f00000 space 1024K, 100% used [0x00000000c7f00000, 0x00000000c8000000)
AC   0  E CS TS     0 PTAMS 0x00000000c8000000 NTAMS 0x00000000c8000000 space 1024K, 100% used [0x00000000c8000000, 0x00000000c8100000)
AC   0  E CS TS     0 PTAMS 0x00000000c8100000 NTAMS 0x00000000c8100000 space 1024K, 100% used [0x00000000c8100000, 0x00000000c8200000)
AC   0  E CS TS     0 PTAMS 0x00000000c8200000 NTAMS 0x00000000c8200000 space 1024K, 100% used [0x00000000c8200000, 0x00000000c8300000)
AC   0  E CS TS     0 PTAMS 0x00000000c8300000 NTAMS 0x00000000c8300000 space 1024K, 100% used [0x00000000c8300000, 0x00000000c8400000)
AC   0  E CS TS     0 PTAMS 0x00000000c8400000 NTAMS 0x00000000c8400000 space 1024K, 100% used [0x00000000c8400000, 0x00000000c8500000)
AC   0  E CS TS     0 PTAMS 0x00000000c8500000 NTAMS 0x00000000c8500000 space 1024K, 100% used [0x00000000c8500000, 0x00000000c8600000)
AC   0  E CS TS     0 PTAMS 0x00000000c8600000 NTAMS 0x00000000c8600000 space 1024K, 100% used [0x00000000c8600000, 0x00000000c8700000)
AC   0  E CS TS     0 PTAMS 0x00000000c8700000 NTAMS 0x00000000c8700000 space 1024K, 100% used [0x00000000c8700000, 0x00000000c8800000)
AC   0  E CS TS     0 PTAMS 0x00000000c8800000 NTAMS 0x00000000c8800000 space 1024K, 100% used [0x00000000c8800000, 0x00000000c8900000)
AC   0  E CS TS     0 PTAMS 0x00000000c8900000 NTAMS 0x00000000c8900000 space 1024K, 100% used [0x00000000c8900000, 0x00000000c8a00000)
AC   0  E CS TS     0 PTAMS 0x00000000c8a00000 NTAMS 0x00000000c8a00000 space 1024K, 100% used [0x00000000c8a00000, 0x00000000c8b00000)
AC   0  E CS TS     0 PTAMS 0x00000000c8b00000 NTAMS 0x00000000c8b00000 space 1024K, 100% used [0x00000000c8b00000, 0x00000000c8c00000)
AC   0  E CS TS     0 PTAMS 0x00000000c8c00000 NTAMS 0x00000000c8c00000 space 1024K, 100% used [0x00000000c8c00000, 0x00000000c8d00000)
AC   0  E CS TS     0 PTAMS 0x00000000c8d00000 NTAMS 0x00000000c8d00000 space 1024K, 100% used [0x00000000c8d00000, 0x00000000c8e00000)
AC   0  E CS TS     0 PTAMS 0x00000000c8e00000 NTAMS 0x00000000c8e00000 space 1024K, 100% used [0x00000000c8e00000, 0x00000000c8f00000)
AC   0  E CS TS     0 PTAMS 0x00000000c8f00000 NTAMS 0x00000000c8f00000 space 1024K, 100% used [0x00000000c8f00000, 0x00000000c9000000)
AC   0  E CS TS     0 PTAMS 0x00000000c9000000 NTAMS 0x00000000c9000000 space 1024K, 100% used [0x00000000c9000000, 0x00000000c9100000)
AC   0  E CS TS     0 PTAMS 0x00000000c9100000 NTAMS 0x00000000c9100000 space 1024K, 100% used [0x00000000c9100000, 0x00000000c9200000)
AC   0  E CS TS     0 PTAMS 0x00000000c9200000 NTAMS 0x00000000c9200000 space 1024K, 100% used [0x00000000c9200000, 0x00000000c9300000)
AC   0  E CS TS     0 PTAMS 0x00000000c9300000 NTAMS 0x00000000c9300000 space 1024K, 100% used [0x00000000c9300000, 0x00000000c9400000)
AC   0  E CS TS     0 PTAMS 0x00000000c9400000 NTAMS 0x00000000c9400000 space 1024K, 100% used [0x00000000c9400000, 0x00000000c9500000)
AC   0  E CS TS     0 PTAMS 0x00000000c9500000 NTAMS 0x00000000c9500000 space 1024K, 100% used [0x00000000c9500000, 0x00000000c9600000)
AC   0  E CS TS     0 PTAMS 0x00000000c9600000 NTAMS 0x00000000c9600000 space 1024K, 100% used [0x00000000c9600000, 0x00000000c9700000)
AC   0  E CS TS     0 PTAMS 0x00000000c9700000 NTAMS 0x00000000c9700000 space 1024K, 100% used [0x00000000c9700000, 0x00000000c9800000)
AC   0  E CS TS     0 PTAMS 0x00000000c9800000 NTAMS 0x00000000c9800000 space 1024K, 100% used [0x00000000c9800000, 0x00000000c9900000)
AC   0  E CS TS     0 PTAMS 0x00000000c9900000 NTAMS 0x00000000c9900000 space 1024K, 100% used [0x00000000c9900000, 0x00000000c9a00000)
AC   0  E CS TS     0 PTAMS 0x00000000c9a00000 NTAMS 0x00000000c9a00000 space 1024K, 100% used [0x00000000c9a00000, 0x00000000c9b00000)
AC   0  E CS TS     0 PTAMS 0x00000000c9b00000 NTAMS 0x00000000c9b00000 space 1024K, 100% used [0x00000000c9b00000, 0x00000000c9c00000)
AC   0  E CS TS     0 PTAMS 0x00000000c9c00000 NTAMS 0x00000000c9c00000 space 1024K, 100% used [0x00000000c9c00000, 0x00000000c9d00000)
AC   0  E CS TS     0 PTAMS 0x00000000c9d00000 NTAMS 0x00000000c9d00000 space 1024K, 100% used [0x00000000c9d00000, 0x00000000c9e00000)
AC   0  E CS TS     0 PTAMS 0x00000000c9e00000 NTAMS 0x00000000c9e00000 space 1024K, 100% used [0x00000000c9e00000, 0x00000000c9f00000)
AC   0  E CS TS     0 PTAMS 0x00000000c9f00000 NTAMS 0x00000000c9f00000 space 1024K, 100% used [0x00000000c9f00000, 0x00000000ca000000)
AC   0  E CS TS     0 PTAMS 0x00000000ca000000 NTAMS 0x00000000ca000000 space 1024K, 100% used [0x00000000ca000000, 0x00000000ca100000)
AC   0  E CS TS     0 PTAMS 0x00000000ca100000 NTAMS 0x00000000ca100000 space 1024K, 100% used [0x00000000ca100000, 0x00000000ca200000)
AC   0  E CS TS     0 PTAMS 0x00000000ca200000 NTAMS 0x00000000ca200000 space 1024K, 100% used [0x00000000ca200000, 0x00000000ca300000)
AC   0  E CS TS     0 PTAMS 0x00000000ca300000 NTAMS 0x00000000ca300000 space 1024K, 100% used [0x00000000ca300000, 0x00000000ca400000)
AC   0  E CS TS     0 PTAMS 0x00000000ca400000 NTAMS 0x00000000ca400000 space 1024K, 100% used [0x00000000ca400000, 0x00000000ca500000)
AC   0  E CS TS     0 PTAMS 0x00000000ca500000 NTAMS 0x00000000ca500000 space 1024K, 100% used [0x00000000ca500000, 0x00000000ca600000)
AC   0  E CS TS     0 PTAMS 0x00000000ca600000 NTAMS 0x00000000ca600000 space 1024K, 100% used [0x00000000ca600000, 0x00000000ca700000)
AC   0  E CS TS     0 PTAMS 0x00000000ca700000 NTAMS 0x00000000ca700000 space 1024K, 100% used [0x00000000ca700000, 0x00000000ca800000)
AC   0  E CS TS     0 PTAMS 0x00000000ca800000 NTAMS 0x00000000ca800000 space 1024K, 100% used [0x00000000ca800000, 0x00000000ca900000)
AC   0  E CS TS     0 PTAMS 0x00000000ca900000 NTAMS 0x00000000ca900000 space 1024K, 100% used [0x00000000ca900000, 0x00000000caa00000)
AC   0  E CS TS     0 PTAMS 0x00000000caa00000 NTAMS 0x00000000caa00000 space 1024K, 100% used [0x00000000caa00000, 0x00000000cab00000)
AC   0  E CS TS     0 PTAMS 0x00000000cab00000 NTAMS 0x00000000cab00000 space 1024K, 100% used [0x00000000cab00000, 0x00000000cac00000)
AC   0  E CS TS     0 PTAMS 0x00000000cac00000 NTAMS 0x00000000cac00000 space 1024K, 100% used [0x00000000cac00000, 0x00000000cad00000)
AC   0  E CS TS     0 PTAMS 0x00000000cad00000 NTAMS 0x00000000cad00000 space 1024K, 100% used [0x00000000cad00000, 0x00000000cae00000)
AC   0  E CS TS     0 PTAMS 0x00000000cae00000 NTAMS 0x00000000cae00000 space 1024K, 100% used [0x00000000cae00000, 0x00000000caf00000)
AC   0  E CS TS     0 PTAMS 0x00000000caf00000 NTAMS 0x00000000caf00000 space 1024K, 100% used [0x00000000caf00000, 0x00000000cb000000)
AC   0  E CS TS     0 PTAMS 0x00000000cb000000 NTAMS 0x00000000cb000000 space 1024K, 100% used [0x00000000cb000000, 0x00000000cb100000)
AC   0  E CS TS     0 PTAMS 0x00000000cb100000 NTAMS 0x00000000cb100000 space 1024K, 100% used [0x00000000cb100000, 0x00000000cb200000)
AC   0  E CS TS     0 PTAMS 0x00000000cb200000 NTAMS 0x00000000cb200000 space 1024K, 100% used [0x00000000cb200000, 0x00000000cb300000)
AC   0  E CS TS     0 PTAMS 0x00000000cb300000 NTAMS 0x00000000cb300000 space 1024K, 100% used [0x00000000cb300000, 0x00000000cb400000)
AC   0  E CS TS     0 PTAMS 0x00000000cb400000 NTAMS 0x00000000cb400000 space 1024K, 100% used [0x00000000cb400000, 0x00000000cb500000)
AC   0  E CS TS     5 PTAMS 0x00000000cb500000 NTAMS 0x00000000cb500000 space 1024K, 100% used [0x00000000cb500000, 0x00000000cb600000)
AC   0  E CS TS     5 PTAMS 0x00000000cb600000 NTAMS 0x00000000cb600000 space 1024K, 100% used [0x00000000cb600000, 0x00000000cb700000)
AC   0  E CS TS     0 PTAMS 0x00000000cb700000 NTAMS 0x00000000cb700000 space 1024K, 100% used [0x00000000cb700000, 0x00000000cb800000)
AC   0  E CS TS     0 PTAMS 0x00000000cb800000 NTAMS 0x00000000cb800000 space 1024K, 100% used [0x00000000cb800000, 0x00000000cb900000)
AC   0  E CS TS     0 PTAMS 0x00000000cb900000 NTAMS 0x00000000cb900000 space 1024K, 100% used [0x00000000cb900000, 0x00000000cba00000)
AC   0  E CS TS     0 PTAMS 0x00000000cba00000 NTAMS 0x00000000cba00000 space 1024K, 100% used [0x00000000cba00000, 0x00000000cbb00000)
AC   0  E CS TS     3 PTAMS 0x00000000cbb00000 NTAMS 0x00000000cbb00000 space 1024K, 100% used [0x00000000cbb00000, 0x00000000cbc00000)
AC   0  E CS TS     3 PTAMS 0x00000000cbc00000 NTAMS 0x00000000cbc00000 space 1024K, 100% used [0x00000000cbc00000, 0x00000000cbd00000)
AC   0  E CS TS     0 PTAMS 0x00000000cbd00000 NTAMS 0x00000000cbd00000 space 1024K, 100% used [0x00000000cbd00000, 0x00000000cbe00000)
AC   0  E CS TS     0 PTAMS 0x00000000cbe00000 NTAMS 0x00000000cbe00000 space 1024K, 100% used [0x00000000cbe00000, 0x00000000cbf00000)
AC   0  E CS TS     0 PTAMS 0x00000000cbf00000 NTAMS 0x00000000cbf00000 space 1024K, 100% used [0x00000000cbf00000, 0x00000000cc000000)

Card table byte_map: [0x0000000013960000,0x0000000013b60000] byte_map_base: 0x0000000013360000

Marking Bits (Prev, Next): (CMBitMap*) 0x0000000003388a60, (CMBitMap*) 0x0000000003388a08
 Prev Bits: [0x0000000014d60000, 0x0000000015d60000)
 Next Bits: [0x0000000013d60000, 0x0000000014d60000)

Polling page: 0x0000000001020000

CodeCache: size=245760Kb used=15612Kb max_used=17053Kb free=230147Kb
 bounds [0x0000000003450000, 0x0000000004520000, 0x0000000012450000]
 total_blobs=4751 nmethods=4190 adapters=472
 compilation: enabled

Compilation events (10 events):
Event: 8789.641 Thread 0x0000000019049000 5204       4       java.text.DecimalFormatSymbols::getInstance (37 bytes)
Event: 8789.774 Thread 0x0000000019049000 nmethod 5204 0x00000000041512d0 code [0x00000000041515a0, 0x0000000004153d40]
Event: 9425.375 Thread 0x0000000019047800 5205       4       org.eclipse.osgi.container.ModuleDatabase::readUnlock (11 bytes)
Event: 9425.378 Thread 0x0000000019047800 nmethod 5205 0x0000000003e5f6d0 code [0x0000000003e5f840, 0x0000000003e5fab8]
Event: 9575.382 Thread 0x0000000019049000 5206       4       java.util.concurrent.locks.ReentrantLock::unlock (10 bytes)
Event: 9575.382 Thread 0x000000001904d800 5207       1       java.util.concurrent.ThreadPoolExecutor::runStateOf (5 bytes)
Event: 9575.383 Thread 0x000000001904d800 nmethod 5207 0x00000000035b2190 code [0x00000000035b22e0, 0x00000000035b23d0]
Event: 9575.384 Thread 0x0000000019049000 nmethod 5206 0x00000000035ec350 code [0x00000000035ec4a0, 0x00000000035ec5e8]
Event: 14961.031 Thread 0x0000000019047800 5208 % !   4       org.eclipse.core.internal.jobs.JobManager::join @ 175 (334 bytes)
Event: 14961.041 Thread 0x0000000019047800 nmethod 5208% 0x0000000003e12bd0 code [0x0000000003e12d80, 0x0000000003e13540]

GC Heap History (10 events):
Event: 10024.769 GC heap after
Heap after GC invocations=142 (full 0):
 garbage-first heap   total 196608K, used 89818K [0x00000000c0000000, 0x00000000c0100600, 0x0000000100000000)
  region size 1024K, 3 young (3072K), 3 survivors (3072K)
 Metaspace       used 39560K, capacity 41670K, committed 42112K, reserved 1087488K
  class space    used 4270K, capacity 4951K, committed 4992K, reserved 1048576K
}
Event: 10073.581 GC heap before
{Heap before GC invocations=142 (full 0):
 garbage-first heap   total 196608K, used 171738K [0x00000000c0000000, 0x00000000c0100600, 0x0000000100000000)
  region size 1024K, 83 young (84992K), 3 survivors (3072K)
 Metaspace       used 39560K, capacity 41670K, committed 42112K, reserved 1087488K
  class space    used 4270K, capacity 4951K, committed 4992K, reserved 1048576K
Event: 10073.586 GC heap after
Heap after GC invocations=143 (full 0):
 garbage-first heap   total 196608K, used 89972K [0x00000000c0000000, 0x00000000c0100600, 0x0000000100000000)
  region size 1024K, 3 young (3072K), 3 survivors (3072K)
 Metaspace       used 39560K, capacity 41670K, committed 42112K, reserved 1087488K
  class space    used 4270K, capacity 4951K, committed 4992K, reserved 1048576K
}
Event: 10131.676 GC heap before
{Heap before GC invocations=143 (full 0):
 garbage-first heap   total 196608K, used 171892K [0x00000000c0000000, 0x00000000c0100600, 0x0000000100000000)
  region size 1024K, 83 young (84992K), 3 survivors (3072K)
 Metaspace       used 39560K, capacity 41670K, committed 42112K, reserved 1087488K
  class space    used 4270K, capacity 4951K, committed 4992K, reserved 1048576K
Event: 10131.681 GC heap after
Heap after GC invocations=144 (full 0):
 garbage-first heap   total 196608K, used 91067K [0x00000000c0000000, 0x00000000c0100600, 0x0000000100000000)
  region size 1024K, 4 young (4096K), 4 survivors (4096K)
 Metaspace       used 39560K, capacity 41670K, committed 42112K, reserved 1087488K
  class space    used 4270K, capacity 4951K, committed 4992K, reserved 1048576K
}
Event: 10189.143 GC heap before
{Heap before GC invocations=144 (full 0):
 garbage-first heap   total 196608K, used 170939K [0x00000000c0000000, 0x00000000c0100600, 0x0000000100000000)
  region size 1024K, 82 young (83968K), 4 survivors (4096K)
 Metaspace       used 39560K, capacity 41670K, committed 42112K, reserved 1087488K
  class space    used 4270K, capacity 4951K, committed 4992K, reserved 1048576K
Event: 10189.149 GC heap after
Heap after GC invocations=145 (full 0):
 garbage-first heap   total 196608K, used 91648K [0x00000000c0000000, 0x00000000c0100600, 0x0000000100000000)
  region size 1024K, 5 young (5120K), 5 survivors (5120K)
 Metaspace       used 39560K, capacity 41670K, committed 42112K, reserved 1087488K
  class space    used 4270K, capacity 4951K, committed 4992K, reserved 1048576K
}
Event: 10246.830 GC heap before
{Heap before GC invocations=145 (full 0):
 garbage-first heap   total 196608K, used 169472K [0x00000000c0000000, 0x00000000c0100600, 0x0000000100000000)
  region size 1024K, 81 young (82944K), 5 survivors (5120K)
 Metaspace       used 39560K, capacity 41670K, committed 42112K, reserved 1087488K
  class space    used 4270K, capacity 4951K, committed 4992K, reserved 1048576K
Event: 10246.835 GC heap after
Heap after GC invocations=146 (full 0):
 garbage-first heap   total 196608K, used 92160K [0x00000000c0000000, 0x00000000c0100600, 0x0000000100000000)
  region size 1024K, 5 young (5120K), 5 survivors (5120K)
 Metaspace       used 39560K, capacity 41670K, committed 42112K, reserved 1087488K
  class space    used 4270K, capacity 4951K, committed 4992K, reserved 1048576K
}
Event: 14975.950 GC heap before
{Heap before GC invocations=146 (full 0):
 garbage-first heap   total 196608K, used 169984K [0x00000000c0000000, 0x00000000c0100600, 0x0000000100000000)
  region size 1024K, 81 young (82944K), 5 survivors (5120K)
 Metaspace       used 39560K, capacity 41670K, committed 42112K, reserved 1087488K
  class space    used 4270K, capacity 4951K, committed 4992K, reserved 1048576K

Deoptimization events (10 events):
Event: 165.783 Thread 0x000000001a614000 Uncommon trap: reason=unstable_if action=reinterpret pc=0x00000000036dd73c method=org.eclipse.core.runtime.Path.toString()Ljava/lang/String; @ 22
Event: 165.844 Thread 0x000000001a614000 Uncommon trap: reason=unstable_if action=reinterpret pc=0x0000000003ee6744 method=org.eclipse.jdt.internal.compiler.util.Util.getInputStreamAsByteArray(Ljava/io/InputStream;I)[B @ 2
Event: 165.969 Thread 0x000000001a614000 Uncommon trap: reason=unstable_if action=reinterpret pc=0x0000000003e5f9fc method=org.eclipse.jdt.internal.compiler.parser.Parser.computeReverseTable([C[C[Ljava/lang/String;)[I @ 87
Event: 165.978 Thread 0x000000001a614000 Uncommon trap: reason=unstable_if action=reinterpret pc=0x0000000003fee118 method=java.util.Properties$LineReader.readLine()I @ 328
Event: 166.550 Thread 0x000000001eeed000 Uncommon trap: reason=unstable_if action=reinterpret pc=0x00000000035b231c method=org.eclipse.jdt.ls.core.internal.CancellableProgressMonitor.isCanceled()Z @ 4
Event: 238.233 Thread 0x0000000018faa800 Uncommon trap: reason=unstable_if action=reinterpret pc=0x0000000003ee5158 method=java.util.WeakHashMap.expungeStaleEntries()V @ 9
Event: 1650.190 Thread 0x000000001a8bc800 Uncommon trap: reason=unstable_if action=reinterpret pc=0x00000000040f4708 method=java.io.ExpiringCache.entryFor(Ljava/lang/String;)Ljava/io/ExpiringCache$Entry; @ 39
Event: 1650.190 Thread 0x000000001a8bc800 Uncommon trap: reason=unstable_if action=reinterpret pc=0x0000000003bfbb90 method=java.util.LinkedHashMap.afterNodeRemoval(Ljava/util/HashMap$Node;)V @ 27
Event: 3123.989 Thread 0x000000001a8bc800 Uncommon trap: reason=unstable_if action=reinterpret pc=0x000000000438bbe4 method=java.io.WinNTFileSystem.canonicalize(Ljava/lang/String;)Ljava/lang/String; @ 348
Event: 7011.148 Thread 0x000000001a8bc800 Uncommon trap: reason=unstable_if action=reinterpret pc=0x000000000424d6a0 method=sun.util.locale.provider.LocaleResources.removeEmptyReferences()V @ 9

Classes redefined (0 events):
No events

Internal exceptions (10 events):
Event: 27.137 Thread 0x000000001a8bc800 Exception <a 'sun/nio/fs/WindowsException'> (0x00000000c6990c40) thrown at [C:\re\workspace\8-2-build-windows-amd64-cygwin\jdk8u191\11896\hotspot\src\share\vm\prims\jni.cpp, line 709]
Event: 27.138 Thread 0x000000001a8bc800 Exception <a 'sun/nio/fs/WindowsException'> (0x00000000c69943b0) thrown at [C:\re\workspace\8-2-build-windows-amd64-cygwin\jdk8u191\11896\hotspot\src\share\vm\prims\jni.cpp, line 709]
Event: 27.140 Thread 0x000000001a8bc800 Exception <a 'sun/nio/fs/WindowsException'> (0x00000000c6998470) thrown at [C:\re\workspace\8-2-build-windows-amd64-cygwin\jdk8u191\11896\hotspot\src\share\vm\prims\jni.cpp, line 709]
Event: 55.904 Thread 0x000000001a614000 Implicit null exception at 0x000000000425dbf8 to 0x0000000004267005
Event: 136.962 Thread 0x000000001a614000 Implicit null exception at 0x0000000004398681 to 0x00000000043a244d
Event: 136.962 Thread 0x000000001a614000 Implicit null exception at 0x0000000003ece4b3 to 0x0000000003ed13cd
Event: 152.995 Thread 0x000000001a614000 Implicit null exception at 0x0000000004370688 to 0x0000000004371759
Event: 152.995 Thread 0x000000001a614000 Implicit null exception at 0x00000000041614f6 to 0x00000000041628d5
Event: 153.270 Thread 0x000000001a614000 Implicit null exception at 0x0000000004208da2 to 0x0000000004208ed5
Event: 165.783 Thread 0x000000001a614000 Implicit null exception at 0x00000000036dcffa to 0x00000000036dd725

Events (10 events):
Event: 10073.586 Executing VM operation: G1IncCollectionPause done
Event: 10131.676 Executing VM operation: G1IncCollectionPause
Event: 10131.681 Executing VM operation: G1IncCollectionPause done
Event: 10189.143 Executing VM operation: G1IncCollectionPause
Event: 10189.149 Executing VM operation: G1IncCollectionPause done
Event: 10246.829 Executing VM operation: G1IncCollectionPause
Event: 10246.835 Executing VM operation: G1IncCollectionPause done
Event: 14961.042 Thread 0x0000000019047800 flushing nmethod 0x00000000037df5d0
Event: 14961.042 Thread 0x0000000019047800 flushing nmethod 0x0000000003853f90
Event: 14975.950 Executing VM operation: G1IncCollectionPause


Dynamic libraries:
0x00007ff62d4e0000 - 0x00007ff62d517000 	C:\Program Files\Java\jdk1.8.0_191\bin\java.exe
0x00007ffab78f0000 - 0x00007ffab7ad1000 	C:\Windows\SYSTEM32\ntdll.dll
0x00007ffab58d0000 - 0x00007ffab5981000 	C:\Windows\System32\KERNEL32.DLL
0x00007ffab3d80000 - 0x00007ffab3ff3000 	C:\Windows\System32\KERNELBASE.dll
0x00007ffab7810000 - 0x00007ffab78b1000 	C:\Windows\System32\ADVAPI32.dll
0x00007ffab5820000 - 0x00007ffab58be000 	C:\Windows\System32\msvcrt.dll
0x00007ffab5990000 - 0x00007ffab59eb000 	C:\Windows\System32\sechost.dll
0x00007ffab5240000 - 0x00007ffab5364000 	C:\Windows\System32\RPCRT4.dll
0x00007ffab4f80000 - 0x00007ffab5110000 	C:\Windows\System32\USER32.dll
0x00007ffab3cc0000 - 0x00007ffab3ce0000 	C:\Windows\System32\win32u.dll
0x00007ffab5110000 - 0x00007ffab5138000 	C:\Windows\System32\GDI32.dll
0x00007ffab4320000 - 0x00007ffab44b2000 	C:\Windows\System32\gdi32full.dll
0x00007ffab3ce0000 - 0x00007ffab3d7f000 	C:\Windows\System32\msvcp_win.dll
0x00007ffab44c0000 - 0x00007ffab45b8000 	C:\Windows\System32\ucrtbase.dll
0x00007ffaa3360000 - 0x00007ffaa35c9000 	C:\Windows\WinSxS\amd64_microsoft.windows.common-controls_6595b64144ccf1df_6.0.17134.765_none_fb42a1a930655896\COMCTL32.dll
0x00007ffab5f30000 - 0x00007ffab6252000 	C:\Windows\System32\combase.dll
0x00007ffab42a0000 - 0x00007ffab431a000 	C:\Windows\System32\bcryptPrimitives.dll
0x00007ffab77e0000 - 0x00007ffab780d000 	C:\Windows\System32\IMM32.DLL
0x000000006ef30000 - 0x000000006f002000 	C:\Program Files\Java\jdk1.8.0_191\jre\bin\msvcr100.dll
0x000000006e680000 - 0x000000006ef24000 	C:\Program Files\Java\jdk1.8.0_191\jre\bin\server\jvm.dll
0x00007ffab5e50000 - 0x00007ffab5e58000 	C:\Windows\System32\PSAPI.DLL
0x00007ffaaef60000 - 0x00007ffaaef69000 	C:\Windows\SYSTEM32\WSOCK32.dll
0x00007ffab7750000 - 0x00007ffab77bc000 	C:\Windows\System32\WS2_32.dll
0x00007ffaa83e0000 - 0x00007ffaa8403000 	C:\Windows\SYSTEM32\WINMM.dll
0x00007ffaa6340000 - 0x00007ffaa634a000 	C:\Windows\SYSTEM32\VERSION.dll
0x00007ffaa83b0000 - 0x00007ffaa83da000 	C:\Windows\SYSTEM32\WINMMBASE.dll
0x00007ffab4000000 - 0x00007ffab4049000 	C:\Windows\System32\cfgmgr32.dll
0x000000006f910000 - 0x000000006f91f000 	C:\Program Files\Java\jdk1.8.0_191\jre\bin\verify.dll
0x000000006f8e0000 - 0x000000006f909000 	C:\Program Files\Java\jdk1.8.0_191\jre\bin\java.dll
0x000000006f880000 - 0x000000006f896000 	C:\Program Files\Java\jdk1.8.0_191\jre\bin\zip.dll
0x00007ffab6310000 - 0x00007ffab7750000 	C:\Windows\System32\SHELL32.dll
0x00007ffab6260000 - 0x00007ffab6309000 	C:\Windows\System32\shcore.dll
0x00007ffab45c0000 - 0x00007ffab4ccd000 	C:\Windows\System32\windows.storage.dll
0x00007ffab5370000 - 0x00007ffab53c1000 	C:\Windows\System32\shlwapi.dll
0x00007ffab3c00000 - 0x00007ffab3c11000 	C:\Windows\System32\kernel.appcore.dll
0x00007ffab3ca0000 - 0x00007ffab3cbf000 	C:\Windows\System32\profapi.dll
0x00007ffab3c30000 - 0x00007ffab3c7c000 	C:\Windows\System32\powrprof.dll
0x00007ffab3c20000 - 0x00007ffab3c2a000 	C:\Windows\System32\FLTLIB.DLL
0x00007ffab3630000 - 0x00007ffab3647000 	C:\Windows\SYSTEM32\CRYPTSP.dll
0x00007ffab3060000 - 0x00007ffab3093000 	C:\Windows\system32\rsaenh.dll
0x00007ffab3760000 - 0x00007ffab3785000 	C:\Windows\SYSTEM32\bcrypt.dll
0x00007ffab3b00000 - 0x00007ffab3b28000 	C:\Windows\SYSTEM32\USERENV.dll
0x00007ffab3650000 - 0x00007ffab365b000 	C:\Windows\SYSTEM32\CRYPTBASE.dll
0x000000006e660000 - 0x000000006e67a000 	C:\Program Files\Java\jdk1.8.0_191\jre\bin\net.dll
0x00007ffab3480000 - 0x00007ffab34e6000 	C:\Windows\system32\mswsock.dll
0x00007ffab3200000 - 0x00007ffab3238000 	C:\Windows\SYSTEM32\IPHLPAPI.DLL
0x00007ffab5e40000 - 0x00007ffab5e48000 	C:\Windows\System32\NSI.dll
0x00007ffaad820000 - 0x00007ffaad836000 	C:\Windows\SYSTEM32\dhcpcsvc6.DLL
0x00007ffaad800000 - 0x00007ffaad81a000 	C:\Windows\SYSTEM32\dhcpcsvc.DLL
0x000000006e640000 - 0x000000006e651000 	C:\Program Files\Java\jdk1.8.0_191\jre\bin\nio.dll
0x00007ffaabc30000 - 0x00007ffaabc59000 	C:\Users\Shixinxin\.vscode\extensions\redhat.java-0.45.0\server\config_win\org.eclipse.equinox.launcher\org.eclipse.equinox.launcher.win32.win32.x86_64_1.1.1000.v20190125-2016\eclipse_1801.dll
0x00007ffaae9b0000 - 0x00007ffaae9c1000 	C:\Users\Shixinxin\.vscode\extensions\redhat.java-0.45.0\server\config_win\org.eclipse.osgi\20\0\.cp\jWinHttp-1.0.0.dll
0x00007ffab5b70000 - 0x00007ffab5cc1000 	C:\Windows\System32\ole32.dll
0x00007ffaafab0000 - 0x00007ffaafb8d000 	C:\Windows\SYSTEM32\WINHTTP.dll
0x000000006e530000 - 0x000000006e554000 	C:\Program Files\Java\jdk1.8.0_191\jre\bin\sunec.dll
0x000000006e520000 - 0x000000006e52b000 	C:\Program Files\Java\jdk1.8.0_191\jre\bin\sunmscapi.dll
0x00007ffab40b0000 - 0x00007ffab4292000 	C:\Windows\System32\CRYPT32.dll
0x00007ffab3c80000 - 0x00007ffab3c92000 	C:\Windows\System32\MSASN1.dll
0x00007ffab3240000 - 0x00007ffab32fe000 	C:\Windows\SYSTEM32\DNSAPI.dll
0x00007ffaacc40000 - 0x00007ffaacc4a000 	C:\Windows\System32\rasadhlp.dll
0x00007ffaacf20000 - 0x00007ffaacf92000 	C:\Windows\System32\fwpuclnt.dll
0x00007ffaac4c0000 - 0x00007ffaac689000 	C:\Windows\SYSTEM32\dbghelp.dll

VM Arguments:
jvm_args: -Declipse.application=org.eclipse.jdt.ls.core.id1 -Dosgi.bundles.defaultStartLevel=4 -Declipse.product=org.eclipse.jdt.ls.core.product -Dfile.encoding=utf8 -DwatchParentProcess=false -Xverify:none -Xmx1G -XX:+UseG1GC -XX:+UseStringDeduplication 
java_command: C:\Users\Shixinxin\.vscode\extensions\redhat.java-0.45.0\server\plugins\org.eclipse.equinox.launcher_1.5.400.v20190514-1658.jar -configuration C:\Users\Shixinxin\.vscode\extensions\redhat.java-0.45.0\server\config_win -data c:\Users\Shixinxin\AppData\Roaming\Code\User\workspaceStorage\7eb84151e31c4de6144ed707bfb0ec68\redhat.java\jdt_ws
java_class_path (initial): C:\Users\Shixinxin\.vscode\extensions\redhat.java-0.45.0\server\plugins\org.eclipse.equinox.launcher_1.5.400.v20190514-1658.jar
Launcher Type: SUN_STANDARD

Environment Variables:
JAVA_HOME=C:\Program Files\Java\jdk1.8.0_191
CLASSPATH=.;C:\Program Files\Java\jdk1.8.0_191\lib;C:\Program Files\Java\jdk1.8.0_191\lib\dt.jar;C:\Program Files\Java\jdk1.8.0_191\lib\tools.jar;C:\Program1\Compiler\apache-tomcat-8.5.38\lib\servlet-api.jar;
PATH=C:\Windows\system32;C:\Windows;C:\Windows\System32\Wbem;C:\Windows\System32\WindowsPowerShell\v1.0\;C:\Windows\System32\OpenSSH\;C:\Program1\Compiler\TDM-GCC-64\bin;C:\Program Files\nodejs\;C:\Program Files\MySQL\MySQL Server 5.7\bin;C:\Program Files\Java\jdk1.8.0_191\bin;C:\Program Files\Java\jdk1.8.0_191\jre\bin;C:\Program1\Compiler\Apache\apache-maven-3.6.0\bin\;C:\Program1\Compiler\gradle-5.2.1\bin;C:\Program1\Compiler\apache-tomcat-8.5.38\bin;C:\Program1\Compiler\apache-tomcat-8.5.38\lib;C:\ProgramData\chocolatey\bin;C:\tools\dart-sdk\bin;C:\Go\bin;C:\Program Files\dotnet\;C:\Program1\Compiler\Git\cmd;C:\Program Files\Microsoft SQL Server\130\Tools\Binn\;C:\Program Files\Microsoft SQL Server\Client SDK\ODBC\170\Tools\Binn\;C:\Users\Shixinxin\AppData\Local\Programs\Python\Python37\Scripts\;C:\Users\Shixinxin\AppData\Local\Programs\Python\Python37\;C:\Users\Shixinxin\Anaconda3;C:\Users\Shixinxin\Anaconda3\Library\mingw-w64\bin;C:\Users\Shixinxin\Anaconda3\Library\usr\bin;C:\Users\Shixinxin\Anaconda3\Library\bin;C:\Users\Shixinxin\Anaconda3\Scripts;C:\Users\Shixinxin\AppData\Local\Microsoft\WindowsApps;C:\Users\Shixinxin\AppData\Roaming\npm;C:\Program1\Compiler\Microsoft VS Code\bin;C:\Users\Shixinxin\AppData\Local\atom\bin;C:\tools\dart-sdk\bin;C:\Users\Shixinxin\AppData\Roaming\Pub\Cache\bin;C:\Users\Shixinxin\go\bin;C:\Program1\Compiler\GoLand 2019.1\bin;;C:\Program1\Compiler\WebStorm 2019.1\bin;;C:\Program1\Compiler\PyCharm 2019.1.1\bin;
USERNAME=Shixinxin
OS=Windows_NT
PROCESSOR_IDENTIFIER=Intel64 Family 6 Model 60 Stepping 3, GenuineIntel



---------------  S Y S T E M  ---------------

OS: Windows 10.0 , 64 bit Build 17134 (10.0.17134.753)

CPU:total 4 (initial active 4) (2 cores per cpu, 2 threads per core) family 6 model 60 stepping 3, cmov, cx8, fxsr, mmx, sse, sse2, sse3, ssse3, sse4.1, sse4.2, popcnt, avx, avx2, aes, clmul, erms, lzcnt, ht, tsc, tscinvbit, bmi1, bmi2

Memory: 4k page, physical 12469316k(7113244k free), swap 14042180k(7306148k free)

vm_info: Java HotSpot(TM) 64-Bit Server VM (25.191-b12) for windows-amd64 JRE (1.8.0_191-b12), built on Oct  6 2018 09:29:03 by "java_re" with MS VC++ 10.0 (VS2010)

time: Sat May 18 01:00:53 2019
elapsed time: 14976 seconds (0d 4h 9m 36s)

